<?xml version="1.0" encoding="UTF-8"?><testsuite failures="4" name="phpstan" tests="4" xmlns:xsi="http://www.w3.org/2001/XMLSchema-instance" xsi:noNamespaceSchemaLocation="https://raw.githubusercontent.com/junit-team/junit5/r5.5.1/platform-tests/src/test/resources/jenkins-junit.xsd"><testcase name="src/Model/Category.php:"><failure type="ERROR" message="Ignored error pattern #Property App\\Model\\Category\:\:\$article is never read, only written\.# in path /home/dan/Desktop/09/petstore/src/Model/Category.php was not matched in reported errors." /></testcase><testcase name="src/Orm/ArticleMapping.php:"><failure type="ERROR" message="Ignored error pattern #Method App\\Orm\\ArticleMapping\:\:configureMapping\(\) has parameter \$metadata with generic class Doctrine\\ORM\\Mapping\\ClassMetadata but does not specify its types\: T# in path /home/dan/Desktop/09/petstore/src/Orm/ArticleMapping.php was not matched in reported errors." /></testcase><testcase name="src/Orm/CategoryMapping.php:"><failure type="ERROR" message="Ignored error pattern #Method App\\Orm\\CategoryMapping\:\:configureMapping\(\) has parameter \$metadata with generic class Doctrine\\ORM\\Mapping\\ClassMetadata but does not specify its types\: T# in path /home/dan/Desktop/09/petstore/src/Orm/CategoryMapping.php was not matched in reported errors." /></testcase><testcase name="src/Repository/ArticleRepository.php:"><failure type="ERROR" message="Ignored error pattern #PHPDoc tag @var for variable \$entityRepository contains generic class Doctrine\\ORM\\EntityRepository but does not specify its types\: T# in path /home/dan/Desktop/09/petstore/src/Repository/ArticleRepository.php was not matched in reported errors." /></testcase></testsuite>